<?xml version="1.0" encoding="UTF-8" ?>
<testsuite tests="1" failures="0" name="cn.edu.sdau.forum.AppTest" time="0.005" errors="0" skipped="0">
  <properties>
    <property name="java.runtime.name" value="Java(TM) SE Runtime Environment"/>
    <property name="sun.boot.library.path" value="G:\Program Files\Java\jre1.8.0_121\bin"/>
    <property name="java.vm.version" value="25.121-b13"/>
    <property name="java.vm.vendor" value="Oracle Corporation"/>
    <property name="maven.multiModuleProjectDirectory" value="G:\Users\Administrator\workspace\forum"/>
    <property name="java.vendor.url" value="http://java.oracle.com/"/>
    <property name="path.separator" value=";"/>
    <property name="guice.disable.misplaced.annotation.check" value="true"/>
    <property name="java.vm.name" value="Java HotSpot(TM) 64-Bit Server VM"/>
    <property name="file.encoding.pkg" value="sun.io"/>
    <property name="user.script" value=""/>
    <property name="user.country" value="CN"/>
    <property name="sun.java.launcher" value="SUN_STANDARD"/>
    <property name="sun.os.patch.level" value="Service Pack 1"/>
    <property name="java.vm.specification.name" value="Java Virtual Machine Specification"/>
    <property name="user.dir" value="G:\Users\Administrator\workspace\forum"/>
    <property name="java.runtime.version" value="1.8.0_121-b13"/>
    <property name="java.awt.graphicsenv" value="sun.awt.Win32GraphicsEnvironment"/>
    <property name="java.endorsed.dirs" value="G:\Program Files\Java\jre1.8.0_121\lib\endorsed"/>
    <property name="os.arch" value="amd64"/>
    <property name="java.io.tmpdir" value="G:\Users\ADMINI~1\AppData\Local\Temp\"/>
    <property name="line.separator" value="
"/>
    <property name="java.vm.specification.vendor" value="Oracle Corporation"/>
    <property name="user.variant" value=""/>
    <property name="os.name" value="Windows 7"/>
    <property name="classworlds.conf" value="G:\Users\Administrator\workspace\.metadata\.plugins\org.eclipse.m2e.launching\launches\m2conf6654359734738131976.tmp"/>
    <property name="sun.jnu.encoding" value="GBK"/>
    <property name="java.library.path" value="G:\Program Files\Java\jre1.8.0_121\bin;G:\Windows\Sun\Java\bin;G:\Windows\system32;G:\Windows;G:/Program Files/Java/jre1.8.0_121/bin/server;G:/Program Files/Java/jre1.8.0_121/bin;G:/Program Files/Java/jre1.8.0_121/lib/amd64;G:\ProgramData\Oracle\Java\javapath;G:\Program Files (x86)\NVIDIA Corporation\PhysX\Common;G:\Windows\system32;G:\Windows;G:\Windows\System32\Wbem;G:\Windows\System32\WindowsPowerShell\v1.0\;G:\Program Files (x86)\Intel\OpenCL SDK\2.0\bin\x86;G:\Program Files (x86)\Intel\OpenCL SDK\2.0\bin\x64;G:\Program Files (x86)\TortoiseSVN\bin;G:\Program Files\Microsoft\Web Platform Installer\;G:\Program Files (x86)\Microsoft ASP.NET\ASP.NET Web Pages\v1.0\;G:\Program Files (x86)\Windows Kits\8.0\Windows Performance Toolkit\;G:\Program Files\Microsoft SQL Server\110\Tools\Binn\;G:\Program Files (x86)\MySQL\MySQL Server 5.5\bin;G:\Program Files (x86)\Microsoft SQL Server\100\Tools\Binn\;G:\Program Files\Microsoft SQL Server\100\Tools\Binn\;G:\Program Files\Microsoft SQL Server\100\DTS\Binn\;G:\Program Files (x86)\Java\jdk1.8.0_121\bin;G:\Program Files (x86)\Java\jdk1.8.0_121\jre\bin;D:\KDR\apache-maven-3.3.9-bin (1)\apache-maven-3.3.9\bin;G:\Program Files\TortoiseSVN\bin;G:\Program Files (x86)\OpenVPN\bin;D:\eclipse-jee-neon-2-win32-x86_64\eclipse;;."/>
    <property name="java.specification.name" value="Java Platform API Specification"/>
    <property name="java.class.version" value="52.0"/>
    <property name="sun.management.compiler" value="HotSpot 64-Bit Tiered Compilers"/>
    <property name="os.version" value="6.1"/>
    <property name="user.home" value="G:\Users\Administrator"/>
    <property name="user.timezone" value="Asia/Shanghai"/>
    <property name="java.awt.printerjob" value="sun.awt.windows.WPrinterJob"/>
    <property name="java.specification.version" value="1.8"/>
    <property name="file.encoding" value="GBK"/>
    <property name="user.name" value="Administrator"/>
    <property name="java.class.path" value="D:\KDR\apache-maven-3.3.9-bin (1)\apache-maven-3.3.9\boot\plexus-classworlds-2.5.2.jar"/>
    <property name="java.vm.specification.version" value="1.8"/>
    <property name="sun.arch.data.model" value="64"/>
    <property name="java.home" value="G:\Program Files\Java\jre1.8.0_121"/>
    <property name="sun.java.command" value="org.codehaus.plexus.classworlds.launcher.Launcher -B -gs D:\KDR\apache-maven-3.3.9-bin (1)\apache-maven-3.3.9\conf\settings.xml install"/>
    <property name="java.specification.vendor" value="Oracle Corporation"/>
    <property name="user.language" value="zh"/>
    <property name="awt.toolkit" value="sun.awt.windows.WToolkit"/>
    <property name="java.vm.info" value="mixed mode"/>
    <property name="java.version" value="1.8.0_121"/>
    <property name="java.ext.dirs" value="G:\Program Files\Java\jre1.8.0_121\lib\ext;G:\Windows\Sun\Java\lib\ext"/>
    <property name="sun.boot.class.path" value="G:\Program Files\Java\jre1.8.0_121\lib\resources.jar;G:\Program Files\Java\jre1.8.0_121\lib\rt.jar;G:\Program Files\Java\jre1.8.0_121\lib\sunrsasign.jar;G:\Program Files\Java\jre1.8.0_121\lib\jsse.jar;G:\Program Files\Java\jre1.8.0_121\lib\jce.jar;G:\Program Files\Java\jre1.8.0_121\lib\charsets.jar;G:\Program Files\Java\jre1.8.0_121\lib\jfr.jar;G:\Program Files\Java\jre1.8.0_121\classes"/>
    <property name="java.vendor" value="Oracle Corporation"/>
    <property name="maven.home" value="D:\KDR\apache-maven-3.3.9-bin (1)\apache-maven-3.3.9"/>
    <property name="file.separator" value="\"/>
    <property name="java.vendor.url.bug" value="http://bugreport.sun.com/bugreport/"/>
    <property name="sun.cpu.endian" value="little"/>
    <property name="sun.io.unicode.encoding" value="UnicodeLittle"/>
    <property name="sun.desktop" value="windows"/>
    <property name="sun.cpu.isalist" value="amd64"/>
  </properties>
  <testcase classname="cn.edu.sdau.forum.AppTest" name="testApp" time="0.005"/>
</testsuite>